Determining if the pthread_create exist failed with the following output:
Change Dir: /home/jdsantos/catkin_ws/build/CMakeFiles/CMakeTmp

Run Build Command:"/usr/bin/make" "cmTC_f6053/fast"
/usr/bin/make -f CMakeFiles/cmTC_f6053.dir/build.make CMakeFiles/cmTC_f6053.dir/build
make[1]: Entering directory '/home/jdsantos/catkin_ws/build/CMakeFiles/CMakeTmp'
Building C object CMakeFiles/cmTC_f6053.dir/CheckSymbolExists.c.o
/usr/bin/cc     -o CMakeFiles/cmTC_f6053.dir/CheckSymbolExists.c.o   -c /home/jdsantos/catkin_ws/build/CMakeFiles/CMakeTmp/CheckSymbolExists.c
Linking C executable cmTC_f6053
/usr/bin/cmake -E cmake_link_script CMakeFiles/cmTC_f6053.dir/link.txt --verbose=1
/usr/bin/cc       CMakeFiles/cmTC_f6053.dir/CheckSymbolExists.c.o  -o cmTC_f6053 -rdynamic 
CMakeFiles/cmTC_f6053.dir/CheckSymbolExists.c.o: In function `main':
CheckSymbolExists.c:(.text+0x16): undefined reference to `pthread_create'
collect2: error: ld returned 1 exit status
CMakeFiles/cmTC_f6053.dir/build.make:97: recipe for target 'cmTC_f6053' failed
make[1]: *** [cmTC_f6053] Error 1
make[1]: Leaving directory '/home/jdsantos/catkin_ws/build/CMakeFiles/CMakeTmp'
Makefile:126: recipe for target 'cmTC_f6053/fast' failed
make: *** [cmTC_f6053/fast] Error 2

File /home/jdsantos/catkin_ws/build/CMakeFiles/CMakeTmp/CheckSymbolExists.c:
/* */
#include <pthread.h>

int main(int argc, char** argv)
{
  (void)argv;
#ifndef pthread_create
  return ((int*)(&pthread_create))[argc];
#else
  (void)argc;
  return 0;
#endif
}

Determining if the function pthread_create exists in the pthreads failed with the following output:
Change Dir: /home/jdsantos/catkin_ws/build/CMakeFiles/CMakeTmp

Run Build Command:"/usr/bin/make" "cmTC_a65ac/fast"
/usr/bin/make -f CMakeFiles/cmTC_a65ac.dir/build.make CMakeFiles/cmTC_a65ac.dir/build
make[1]: Entering directory '/home/jdsantos/catkin_ws/build/CMakeFiles/CMakeTmp'
Building C object CMakeFiles/cmTC_a65ac.dir/CheckFunctionExists.c.o
/usr/bin/cc    -DCHECK_FUNCTION_EXISTS=pthread_create   -o CMakeFiles/cmTC_a65ac.dir/CheckFunctionExists.c.o   -c /usr/share/cmake-3.5/Modules/CheckFunctionExists.c
Linking C executable cmTC_a65ac
/usr/bin/cmake -E cmake_link_script CMakeFiles/cmTC_a65ac.dir/link.txt --verbose=1
/usr/bin/cc   -DCHECK_FUNCTION_EXISTS=pthread_create    CMakeFiles/cmTC_a65ac.dir/CheckFunctionExists.c.o  -o cmTC_a65ac -rdynamic -lpthreads 
/usr/bin/ld: cannot find -lpthreads
collect2: error: ld returned 1 exit status
CMakeFiles/cmTC_a65ac.dir/build.make:97: recipe for target 'cmTC_a65ac' failed
make[1]: *** [cmTC_a65ac] Error 1
make[1]: Leaving directory '/home/jdsantos/catkin_ws/build/CMakeFiles/CMakeTmp'
Makefile:126: recipe for target 'cmTC_a65ac/fast' failed
make: *** [cmTC_a65ac/fast] Error 2


Determining if the Q_WS_WIN exist failed with the following output:
Change Dir: /home/jdsantos/catkin_ws/build/CMakeFiles/CMakeTmp

Run Build Command:"/usr/bin/make" "cmTC_06bff/fast"
/usr/bin/make -f CMakeFiles/cmTC_06bff.dir/build.make CMakeFiles/cmTC_06bff.dir/build
make[1]: Entering directory '/home/jdsantos/catkin_ws/build/CMakeFiles/CMakeTmp'
Building CXX object CMakeFiles/cmTC_06bff.dir/CheckSymbolExists.cxx.o
/usr/bin/c++    -I/usr/include/qt4   -o CMakeFiles/cmTC_06bff.dir/CheckSymbolExists.cxx.o -c /home/jdsantos/catkin_ws/build/CMakeFiles/CMakeTmp/CheckSymbolExists.cxx
/home/jdsantos/catkin_ws/build/CMakeFiles/CMakeTmp/CheckSymbolExists.cxx: In function ‘int main(int, char**)’:
/home/jdsantos/catkin_ws/build/CMakeFiles/CMakeTmp/CheckSymbolExists.cxx:8:19: error: ‘Q_WS_WIN’ was not declared in this scope
   return ((int*)(&Q_WS_WIN))[argc];
                   ^
CMakeFiles/cmTC_06bff.dir/build.make:65: recipe for target 'CMakeFiles/cmTC_06bff.dir/CheckSymbolExists.cxx.o' failed
make[1]: *** [CMakeFiles/cmTC_06bff.dir/CheckSymbolExists.cxx.o] Error 1
make[1]: Leaving directory '/home/jdsantos/catkin_ws/build/CMakeFiles/CMakeTmp'
Makefile:126: recipe for target 'cmTC_06bff/fast' failed
make: *** [cmTC_06bff/fast] Error 2

File /home/jdsantos/catkin_ws/build/CMakeFiles/CMakeTmp/CheckSymbolExists.cxx:
/* */
#include <QtCore/qglobal.h>

int main(int argc, char** argv)
{
  (void)argv;
#ifndef Q_WS_WIN
  return ((int*)(&Q_WS_WIN))[argc];
#else
  (void)argc;
  return 0;
#endif
}

Determining if the Q_WS_QWS exist failed with the following output:
Change Dir: /home/jdsantos/catkin_ws/build/CMakeFiles/CMakeTmp

Run Build Command:"/usr/bin/make" "cmTC_bfc0e/fast"
/usr/bin/make -f CMakeFiles/cmTC_bfc0e.dir/build.make CMakeFiles/cmTC_bfc0e.dir/build
make[1]: Entering directory '/home/jdsantos/catkin_ws/build/CMakeFiles/CMakeTmp'
Building CXX object CMakeFiles/cmTC_bfc0e.dir/CheckSymbolExists.cxx.o
/usr/bin/c++    -I/usr/include/qt4   -o CMakeFiles/cmTC_bfc0e.dir/CheckSymbolExists.cxx.o -c /home/jdsantos/catkin_ws/build/CMakeFiles/CMakeTmp/CheckSymbolExists.cxx
/home/jdsantos/catkin_ws/build/CMakeFiles/CMakeTmp/CheckSymbolExists.cxx: In function ‘int main(int, char**)’:
/home/jdsantos/catkin_ws/build/CMakeFiles/CMakeTmp/CheckSymbolExists.cxx:8:19: error: ‘Q_WS_QWS’ was not declared in this scope
   return ((int*)(&Q_WS_QWS))[argc];
                   ^
CMakeFiles/cmTC_bfc0e.dir/build.make:65: recipe for target 'CMakeFiles/cmTC_bfc0e.dir/CheckSymbolExists.cxx.o' failed
make[1]: *** [CMakeFiles/cmTC_bfc0e.dir/CheckSymbolExists.cxx.o] Error 1
make[1]: Leaving directory '/home/jdsantos/catkin_ws/build/CMakeFiles/CMakeTmp'
Makefile:126: recipe for target 'cmTC_bfc0e/fast' failed
make: *** [cmTC_bfc0e/fast] Error 2

File /home/jdsantos/catkin_ws/build/CMakeFiles/CMakeTmp/CheckSymbolExists.cxx:
/* */
#include <QtCore/qglobal.h>

int main(int argc, char** argv)
{
  (void)argv;
#ifndef Q_WS_QWS
  return ((int*)(&Q_WS_QWS))[argc];
#else
  (void)argc;
  return 0;
#endif
}

Determining if the Q_WS_MAC exist failed with the following output:
Change Dir: /home/jdsantos/catkin_ws/build/CMakeFiles/CMakeTmp

Run Build Command:"/usr/bin/make" "cmTC_a09f3/fast"
/usr/bin/make -f CMakeFiles/cmTC_a09f3.dir/build.make CMakeFiles/cmTC_a09f3.dir/build
make[1]: Entering directory '/home/jdsantos/catkin_ws/build/CMakeFiles/CMakeTmp'
Building CXX object CMakeFiles/cmTC_a09f3.dir/CheckSymbolExists.cxx.o
/usr/bin/c++    -I/usr/include/qt4   -o CMakeFiles/cmTC_a09f3.dir/CheckSymbolExists.cxx.o -c /home/jdsantos/catkin_ws/build/CMakeFiles/CMakeTmp/CheckSymbolExists.cxx
/home/jdsantos/catkin_ws/build/CMakeFiles/CMakeTmp/CheckSymbolExists.cxx: In function ‘int main(int, char**)’:
/home/jdsantos/catkin_ws/build/CMakeFiles/CMakeTmp/CheckSymbolExists.cxx:8:19: error: ‘Q_WS_MAC’ was not declared in this scope
   return ((int*)(&Q_WS_MAC))[argc];
                   ^
CMakeFiles/cmTC_a09f3.dir/build.make:65: recipe for target 'CMakeFiles/cmTC_a09f3.dir/CheckSymbolExists.cxx.o' failed
make[1]: *** [CMakeFiles/cmTC_a09f3.dir/CheckSymbolExists.cxx.o] Error 1
make[1]: Leaving directory '/home/jdsantos/catkin_ws/build/CMakeFiles/CMakeTmp'
Makefile:126: recipe for target 'cmTC_a09f3/fast' failed
make: *** [cmTC_a09f3/fast] Error 2

File /home/jdsantos/catkin_ws/build/CMakeFiles/CMakeTmp/CheckSymbolExists.cxx:
/* */
#include <QtCore/qglobal.h>

int main(int argc, char** argv)
{
  (void)argv;
#ifndef Q_WS_MAC
  return ((int*)(&Q_WS_MAC))[argc];
#else
  (void)argc;
  return 0;
#endif
}

